<?xml version="1.0" encoding="UTF-8"?>
<testng-results ignored="0" total="1" passed="1" failed="0" skipped="0">
  <reporter-output>
  </reporter-output>
  <suite started-at="2024-01-06T20:57:39 EST" name="Default suite" finished-at="2024-01-06T20:57:48 EST" duration-ms="9129">
    <groups>
    </groups>
    <test started-at="2024-01-06T20:57:39 EST" name="Default test" finished-at="2024-01-06T20:57:48 EST" duration-ms="9129">
      <class name="com.qaTestCase.ProductSearchTest">
        <test-method is-config="true" signature="setup()[pri:0, instance:com.qaTestCase.ProductSearchTest@534a5a98]" started-at="2024-01-06T20:57:39 EST" name="setup" finished-at="2024-01-06T20:57:45 EST" duration-ms="6271" status="PASS">
          <reporter-output>
          </reporter-output>
        </test-method> <!-- setup -->
        <test-method signature="searchProduct()[pri:0, instance:com.qaTestCase.ProductSearchTest@534a5a98]" started-at="2024-01-06T20:57:45 EST" name="searchProduct" finished-at="2024-01-06T20:57:47 EST" duration-ms="2455" status="PASS">
          <reporter-output>
          </reporter-output>
        </test-method> <!-- searchProduct -->
        <test-method is-config="true" signature="teardown()[pri:0, instance:com.qaTestCase.ProductSearchTest@534a5a98]" started-at="2024-01-06T20:57:47 EST" name="teardown" finished-at="2024-01-06T20:57:48 EST" duration-ms="335" status="PASS">
          <reporter-output>
          </reporter-output>
        </test-method> <!-- teardown -->
      </class> <!-- com.qaTestCase.ProductSearchTest -->
    </test> <!-- Default test -->
  </suite> <!-- Default suite -->
</testng-results>
